[2026-03-29T14:40:20.365Z] ===== 開始爬蟲 maxWallets=50 daysBack=30 =====
[2026-03-29T14:40:20.371Z] 抓取排行榜錢包列表...
[2026-03-29T14:40:55.123Z] 取得錢包列表失敗: fetch failed
[2026-03-29T14:40:55.124Z] 準備處理 0 個錢包
[2026-03-29T14:40:55.125Z] ===== 爬蟲完成 =====
[2026-03-29T14:40:55.125Z] 分析: 0 | 跳過: 0 | 錯誤: 0
[2026-03-29T14:40:55.125Z] 資料庫總計: 0 個錢包
[2026-03-29T14:45:31.637Z] ===== 開始爬蟲 maxWallets=50 daysBack=30 =====
[2026-03-29T14:45:31.641Z] 透過 allMids + recentTrades 抓取活躍錢包列表...
[2026-03-29T14:45:32.476Z] allMids 回傳格式異常，改用備用成交掃描邏輯
[2026-03-29T14:45:32.477Z] 從近期成交取得活躍錢包...
[2026-03-29T14:45:34.517Z] 從成交中找到 47 個錢包
[2026-03-29T14:45:34.517Z] 準備處理 47 個錢包
[2026-03-29T14:45:40.752Z] 進度: 10 個已分析 / 1 個跳過 / 0 個錯誤
[2026-03-29T14:45:47.469Z] 進度: 20 個已分析 / 1 個跳過 / 0 個錯誤
[2026-03-29T14:45:55.091Z] 進度: 30 個已分析 / 1 個跳過 / 0 個錯誤
[2026-03-29T14:45:56.751Z] 限速，等待 2 秒...
[2026-03-29T14:46:03.799Z] 進度: 40 個已分析 / 1 個跳過 / 0 個錯誤
[2026-03-29T14:46:08.552Z] ===== 爬蟲完成 =====
[2026-03-29T14:46:08.553Z] 分析: 46 | 跳過: 1 | 錯誤: 0
[2026-03-29T14:46:08.553Z] 資料庫總計: 46 個錢包
[2026-03-29T14:53:17.536Z] ===== 開始爬蟲 v2 maxWallets=50 =====
[2026-03-29T14:53:17.540Z] 從近期成交抓活躍錢包...
[2026-03-29T14:53:18.074Z] BTC: 累計 13 個錢包
[2026-03-29T14:53:18.449Z] ETH: 累計 26 個錢包
[2026-03-29T14:53:18.851Z] SOL: 累計 36 個錢包
[2026-03-29T14:53:19.227Z] ARB: 累計 46 個錢包
[2026-03-29T14:53:19.604Z] AVAX: 累計 52 個錢包
[2026-03-29T14:53:20.011Z] DOGE: 累計 56 個錢包
[2026-03-29T14:53:20.380Z] SUI: 累計 63 個錢包
[2026-03-29T14:53:20.751Z] BNB: 累計 70 個錢包
[2026-03-29T14:53:21.125Z] OP: 累計 75 個錢包
[2026-03-29T14:53:21.496Z] HYPE: 累計 83 個錢包
[2026-03-29T14:53:21.797Z] 共找到 83 個活躍錢包
[2026-03-29T14:53:21.797Z] 準備分析 50 個錢包
[2026-03-29T14:53:28.009Z] 進度: 10 分析 / 2 跳過 / 0 錯誤
[2026-03-29T14:53:35.296Z] 進度: 20 分析 / 5 跳過 / 0 錯誤
[2026-03-29T14:53:39.298Z] 限速，等待 3 秒...
[2026-03-29T14:53:42.932Z] 限速，等待 3 秒...
[2026-03-29T14:53:45.992Z] 限速，等待 6 秒...
[2026-03-29T14:53:52.088Z] 限速，等待 9 秒...
[2026-03-29T14:54:03.575Z] 進度: 30 分析 / 12 跳過 / 0 錯誤
[2026-03-29T14:54:07.088Z] 
===== 獲利錢包排行榜 TOP 5 =====
[2026-03-29T14:54:07.088Z] #1 0xfd81b27d97... PnL:$61463.86 勝率:95.93% 回撤:0%
[2026-03-29T14:54:07.088Z] #2 0x7b7f72a28f... PnL:$17399.02 勝率:51.9% 回撤:57.33%
[2026-03-29T14:54:07.089Z] #3 0xecb63caa47... PnL:$14914.04 勝率:63.31% 回撤:26.02%
[2026-03-29T14:54:07.089Z] #4 0x072177e3d3... PnL:$10901.41 勝率:47.96% 回撤:100%
[2026-03-29T14:54:07.089Z] #5 0x010461c14e... PnL:$3226.88 勝率:68.07% 回撤:15.83%
[2026-03-29T14:54:07.089Z] 
===== 完成 分析:35 跳過:15 錯誤:0 =====
[2026-03-29T14:54:07.089Z] 資料庫總計: 81 個錢包，其中獲利: 31 個
